**********************
Windows PowerShell transcript start
Start time: 20220701075346
Username: GIGAMAC\mcann
RunAs User: GIGAMAC\mcann
Configuration Name: 
Machine: GIGAMAC (Microsoft Windows NT 10.0.22000.0)
Host Application: C:\Windows\System32\WindowsPowerShell\v1.0\powershell.exe -Command if((Get-ExecutionPolicy ) -ne 'AllSigned') { Set-ExecutionPolicy -Scope Process Bypass }; & 'G:\@SOE\MacTest\Soe_Generic.ps1'
Process ID: 15316
PSVersion: 5.1.22000.653
PSEdition: Desktop
PSCompatibleVersions: 1.0, 2.0, 3.0, 4.0, 5.0, 5.1.22000.653
BuildVersion: 10.0.22000.653
CLRVersion: 4.0.30319.42000
WSManStackVersion: 3.0
PSRemotingProtocolVersion: 2.3
SerializationVersion: 1.1.0.1
**********************
Transcript started, output file is G:\@SOE\MacTest\Soe_Generic\Soe_Generic.log


    Directory: G:\@SOE\MacTest\Soe_Generic


Mode                 LastWriteTime         Length Name
----                 -------------         ------ ----
d-----         1/07/2022   7:53 AM                _NewSOE
d-----         1/07/2022   7:53 AM                C_Drive


    Directory: G:\@SOE\MacTest\Soe_Generic\C_Drive\Windows


Mode                 LastWriteTime         Length Name
----                 -------------         ------ ----
d-----         1/07/2022   7:53 AM                Web


    Directory: G:\@SOE\MacTest\Soe_Generic\C_Drive


Mode                 LastWriteTime         Length Name
----                 -------------         ------ ----
d-----         1/07/2022   7:53 AM                Temp
d-----         1/07/2022   7:53 AM                Logs


    Directory: G:\@SOE\MacTest\Soe_Generic


Mode                 LastWriteTime         Length Name
----                 -------------         ------ ----
d-----         1/07/2022   7:53 AM                C_Root


    Directory: G:\@SOE\MacTest\Soe_Generic\C_Root


Mode                 LastWriteTime         Length Name
----                 -------------         ------ ----
d-----         1/07/2022   7:53 AM                Drivers


    Directory: G:\@SOE\MacTest\Soe_Generic


Mode                 LastWriteTime         Length Name
----                 -------------         ------ ----
d-----         1/07/2022   7:53 AM                MOUNT1
d-----         1/07/2022   7:53 AM                MOUNT2
d-----         1/07/2022   7:53 AM                PeDRIVERS
d-----         1/07/2022   7:53 AM                WindowsUpdates

Current Configuration :-

** Windows ISO Image and Version **
Windows ISO :- none
Windows REV :- none

No Windows Drivers found - [3] to open the folder.

No PE ENV Drivers Found  - [4] to open the folder

No Windows updates found - [5] to open the folder.

** Updated Folders copied to/over C:\ Of Destination Device **
Logs
Temp
Windows

###########################################
[0] - Continue
[1] - Windows ISO             - none
[2] - Reset Windows Edition   - none
[3] - Hardware Drivers
[4] - WINPE Drivers
[5] - Windows Updates
[6] - C:\ROOT (Unattend and PPKG Location)
[7] - Lockscreen & Background Images
[8] - Scripted APP Installs
[9] - Documentation


Current Configuration :-

** Windows ISO Image and Version **
Windows ISO :- Win_Pro_11_21H2.82699.ISO
Windows REV :- none

No Windows Drivers found - [3] to open the folder.

No PE ENV Drivers Found  - [4] to open the folder

No Windows updates found - [5] to open the folder.

** Updated Folders copied to/over C:\ Of Destination Device **
Logs
Temp
Windows

###########################################
[0] - Continue
[1] - Windows ISO             - G:\@@USB\@BUD\Images ISO\Win_Pro_11_21H2.82699.ISO
[2] - Reset Windows Edition   - none
[3] - Hardware Drivers
[4] - WINPE Drivers
[5] - Windows Updates
[6] - C:\ROOT (Unattend and PPKG Location)
[7] - Lockscreen & Background Images
[8] - Scripted APP Installs
[9] - Documentation


Current Configuration :-

** Windows ISO Image and Version **
Windows ISO :- Win_Pro_11_21H2.82699.ISO
Windows REV :- none

No Windows Drivers found - [3] to open the folder.

No PE ENV Drivers Found  - [4] to open the folder

No Windows updates found - [5] to open the folder.

** Updated Folders copied to/over C:\ Of Destination Device **
Logs
Temp
Windows

###########################################
[0] - Continue
[1] - Windows ISO             - G:\@@USB\@BUD\Images ISO\Win_Pro_11_21H2.82699.ISO
[2] - Reset Windows Edition   - none
[3] - Hardware Drivers
[4] - WINPE Drivers
[5] - Windows Updates
[6] - C:\ROOT (Unattend and PPKG Location)
[7] - Lockscreen & Background Images
[8] - Scripted APP Installs
[9] - Documentation


Current Configuration :-

** Windows ISO Image and Version **
Windows ISO :- Win_Pro_11_21H2.82699.ISO
Windows REV :- none

No Windows Drivers found - [3] to open the folder.

No PE ENV Drivers Found  - [4] to open the folder

No Windows updates found - [5] to open the folder.

** Updated Folders copied to/over C:\ Of Destination Device **
Logs
Temp
Windows

###########################################
[0] - Continue
[1] - Windows ISO             - G:\@@USB\@BUD\Images ISO\Win_Pro_11_21H2.82699.ISO
[2] - Reset Windows Edition   - none
[3] - Hardware Drivers
[4] - WINPE Drivers
[5] - Windows Updates
[6] - C:\ROOT (Unattend and PPKG Location)
[7] - Lockscreen & Background Images
[8] - Scripted APP Installs
[9] - Documentation


Current Configuration :-

** Windows ISO Image and Version **
Windows ISO :- Win_Pro_11_21H2.82699.ISO
Windows REV :- none

No Windows Drivers found - [3] to open the folder.

No PE ENV Drivers Found  - [4] to open the folder

No Windows updates found - [5] to open the folder.

** Updated Folders copied to/over C:\ Of Destination Device **
Logs
Temp
Windows

###########################################
[0] - Continue
[1] - Windows ISO             - G:\@@USB\@BUD\Images ISO\Win_Pro_11_21H2.82699.ISO
[2] - Reset Windows Edition   - none
[3] - Hardware Drivers
[4] - WINPE Drivers
[5] - Windows Updates
[6] - C:\ROOT (Unattend and PPKG Location)
[7] - Lockscreen & Background Images
[8] - Scripted APP Installs
[9] - Documentation


Current Configuration :-

** Windows ISO Image and Version **
Windows ISO :- Win_Pro_11_21H2.82699.ISO
Windows REV :- none

No Windows Drivers found - [3] to open the folder.

No PE ENV Drivers Found  - [4] to open the folder

No Windows updates found - [5] to open the folder.

** Updated Folders copied to/over C:\ Of Destination Device **
Logs
Temp
Windows

###########################################
[0] - Continue
[1] - Windows ISO             - G:\@@USB\@BUD\Images ISO\Win_Pro_11_21H2.82699.ISO
[2] - Reset Windows Edition   - none
[3] - Hardware Drivers
[4] - WINPE Drivers
[5] - Windows Updates
[6] - C:\ROOT (Unattend and PPKG Location)
[7] - Lockscreen & Background Images
[8] - Scripted APP Installs
[9] - Documentation


Current Configuration :-

** Windows ISO Image and Version **
Windows ISO :- Win_Pro_11_21H2.82699.ISO
Windows REV :- none

No Windows Drivers found - [3] to open the folder.

No PE ENV Drivers Found  - [4] to open the folder

No Windows updates found - [5] to open the folder.

** Updated Folders copied to/over C:\ Of Destination Device **
Logs
Temp
Windows

###########################################
[0] - Continue
[1] - Windows ISO             - G:\@@USB\@BUD\Images ISO\Win_Pro_11_21H2.82699.ISO
[2] - Reset Windows Edition   - none
[3] - Hardware Drivers
[4] - WINPE Drivers
[5] - Windows Updates
[6] - C:\ROOT (Unattend and PPKG Location)
[7] - Lockscreen & Background Images
[8] - Scripted APP Installs
[9] - Documentation


Current Configuration :-

** Windows ISO Image and Version **
Windows ISO :- Win_Pro_11_21H2.82699.ISO
Windows REV :- none

No Windows Drivers found - [3] to open the folder.

No PE ENV Drivers Found  - [4] to open the folder

No Windows updates found - [5] to open the folder.

** Updated Folders copied to/over C:\ Of Destination Device **
Logs
Temp
Windows

###########################################
[0] - Continue
[1] - Windows ISO             - G:\@@USB\@BUD\Images ISO\Win_Pro_11_21H2.82699.ISO
[2] - Reset Windows Edition   - none
[3] - Hardware Drivers
[4] - WINPE Drivers
[5] - Windows Updates
[6] - C:\ROOT (Unattend and PPKG Location)
[7] - Lockscreen & Background Images
[8] - Scripted APP Installs
[9] - Documentation


Current Configuration :-

** Windows ISO Image and Version **
Windows ISO :- Win_Pro_11_21H2.82699.ISO
Windows REV :- none

No Windows Drivers found - [3] to open the folder.

No PE ENV Drivers Found  - [4] to open the folder

No Windows updates found - [5] to open the folder.

** Updated Folders copied to/over C:\ Of Destination Device **
Logs
Temp
Windows

###########################################
[0] - Continue
[1] - Windows ISO             - G:\@@USB\@BUD\Images ISO\Win_Pro_11_21H2.82699.ISO
[2] - Reset Windows Edition   - none
[3] - Hardware Drivers
[4] - WINPE Drivers
[5] - Windows Updates
[6] - C:\ROOT (Unattend and PPKG Location)
[7] - Lockscreen & Background Images
[8] - Scripted APP Installs
[9] - Documentation

